This is pdfTeX, Version 3.14159265-2.6-1.40.16 (TeX Live 2015/Debian) (preloaded format=latex 2016.2.26)  19 JUN 2016 23:13
entering extended mode
 restricted \write18 enabled.
 %&-line parsing enabled.
**t.tex
(./t.tex
LaTeX2e <2015/01/01>
Babel <3.9l> and hyphenation patterns for 2 languages loaded.

! LaTeX Error: Missing \begin{document}.

See the LaTeX manual or LaTeX Companion for explanation.
Type  H <return>  for immediate help.
 ...                                              
                                                  
l.1 f
     rac{10}{5}-5x+y=0\\
? 
Missing character: There is no f in font nullfont!
Missing character: There is no r in font nullfont!
Missing character: There is no a in font nullfont!
Missing character: There is no c in font nullfont!
Missing character: There is no 1 in font nullfont!
Missing character: There is no 0 in font nullfont!
Missing character: There is no 5 in font nullfont!
Missing character: There is no - in font nullfont!
Missing character: There is no 5 in font nullfont!
Missing character: There is no x in font nullfont!
Missing character: There is no + in font nullfont!
Missing character: There is no y in font nullfont!
Missing character: There is no = in font nullfont!
Missing character: There is no 0 in font nullfont!
Missing character: There is no - in font nullfont!
Missing character: There is no - in font nullfont!
Missing character: There is no 1 in font nullfont!
! Missing $ inserted.
<inserted text> 
                $
l.2 --1\cdot
            5\cdotx+\frac{10}{5}+y=0\\
? 
LaTeX Font Info:    External font `cmex10' loaded for size
(Font)              <7> on input line 2.
LaTeX Font Info:    External font `cmex10' loaded for size
(Font)              <5> on input line 2.
! Undefined control sequence.
l.2 --1\cdot5\cdotx
                   +\frac{10}{5}+y=0\\
? 
! Undefined control sequence.
l.3 -5\cdotx
            +\frac{10}{5}+y=0\\
? 
! Undefined control sequence.
l.4 \frac{10}{5}+y=-1\cdot-5\cdotx
                                  \\
? 
)
*
! Missing $ inserted.
<inserted text> 
                $
<*> 
    
? 

Overfull \hbox (20.0pt too wide) in paragraph at lines 1--0
[] 
 []


Overfull \hbox (15.5556pt too wide) in paragraph at lines 1--0
\OMS/cmsy/m/n/10 ^^A\OT1/cmr/m/n/10 5 +
 []


Overfull \hbox (18.15005pt too wide) in paragraph at lines 1--0
[] \OT1/cmr/m/n/10 +
 []


Overfull \hbox (15.81711pt too wide) in paragraph at lines 1--0
\OML/cmm/m/it/10 y \OT1/cmr/m/n/10 =
 []


Overfull \hbox (5.00002pt too wide) in paragraph at lines 1--0
\OT1/cmr/m/n/10 0[] 
 []


Overfull \hbox (7.7778pt too wide) in paragraph at lines 1--0
\OMS/cmsy/m/n/10 ^^@
 []


Overfull \hbox (12.77782pt too wide) in paragraph at lines 1--0
\OT1/cmr/m/n/10 5 +
 []


Overfull \hbox (18.15005pt too wide) in paragraph at lines 1--0
[] \OT1/cmr/m/n/10 +
 []


Overfull \hbox (15.81711pt too wide) in paragraph at lines 1--0
\OML/cmm/m/it/10 y \OT1/cmr/m/n/10 =
 []


Overfull \hbox (5.00002pt too wide) in paragraph at lines 1--0
\OT1/cmr/m/n/10 0[] 
 []


Overfull \hbox (18.15005pt too wide) in paragraph at lines 1--0
[] \OT1/cmr/m/n/10 +
 []


Overfull \hbox (15.81711pt too wide) in paragraph at lines 1--0
\OML/cmm/m/it/10 y \OT1/cmr/m/n/10 =
 []


Overfull \hbox (15.5556pt too wide) in paragraph at lines 1--0
\OMS/cmsy/m/n/10 ^^@\OT1/cmr/m/n/10 1 \OMS/cmsy/m/n/10 ^^A
 []


Overfull \hbox (12.77782pt too wide) in paragraph at lines 1--0
\OMS/cmsy/m/n/10 ^^@\OT1/cmr/m/n/10 5[] 
 []


Overfull \hbox (35.8028pt too wide) in paragraph at lines 1--0
[] \OT1/cmr/m/n/10 =
 []


Overfull \hbox (5.71527pt too wide) in paragraph at lines 1--0
\OML/cmm/m/it/10 x$ 
 []

(Please type a command or say `\end')
*
(Please type a command or say `\end')
*
(Please type a command or say `\end')
*
(Please type a command or say `\end')
*\end

*
Runaway argument?
! Paragraph ended before \end was complete.
<to be read again> 
                   \par 
<*> 
    
? 
(Please type a command or say `\end')
*
(Please type a command or say `\end')
*\end

*
Runaway argument?
! Paragraph ended before \end was complete.
<to be read again> 
                   \par 
<*> 
    
? 
(Please type a command or say `\end')
*\end

*
Runaway argument?
! Paragraph ended before \end was complete.
<to be read again> 
                   \par 
<*> 
    
? \end
Type <return> to proceed, S to scroll future error messages,
R to run without stopping, Q to run quietly,
I to insert something, 
1 or ... or 9 to ignore the next 1 to 9 tokens of input,
H for help, X to quit.
? r
OK, entering \nonstopmode...
! Emergency stop.
<*> 
    
*** (job aborted, no legal \end found)

 
Here is how much of TeX's memory you used:
 7 strings out of 495001
 138 string characters out of 6181195
 47202 words of memory out of 5000000
 3342 multiletter control sequences out of 15000+600000
 3640 words of font info for 14 fonts, out of 8000000 for 9000
 14 hyphenation exceptions out of 8191
 18i,2n,12p,58b,55s stack positions out of 5000i,500n,10000p,200000b,80000s
No pages of output.
